<?xml version="1.0" encoding="UTF-8"?>
<!-- Generated by org.testng.reporters.JUnitReportReporter -->
<testsuite hostname="c1ml16461" name="com.pack.common.tests.HomePageTest" tests="1" failures="0" timestamp="9 Oct 2018 12:42:36 GMT" time="60.541" errors="0">
  <testcase name="verifySearchFunction" time="60.541" classname="com.pack.common.tests.HomePageTest"/>
</testsuite> <!-- com.pack.common.tests.HomePageTest -->
