<?xml version="1.0" encoding="UTF-8"?>
<!-- Generated by org.testng.reporters.JUnitReportReporter -->
<testsuite hostname="c1ml16461" name="com.pack.common.tests.HomePageTest" tests="1" failures="0" timestamp="13 Nov 2018 10:02:32 GMT" time="63.589" errors="0">
  <testcase name="verifySearchFunction" time="63.589" classname="com.pack.common.tests.HomePageTest"/>
</testsuite> <!-- com.pack.common.tests.HomePageTest -->
