<?xml version="1.0" encoding="UTF-8"?>
<!-- Generated by org.testng.reporters.JUnitReportReporter -->
<testsuite hostname="c1ml16461" name="com.pack.common.tests.SearchResultsPageTest" tests="1" failures="0" timestamp="23 Oct 2018 07:05:57 GMT" time="42.354" errors="0">
  <testcase name="verifySearchResults" time="42.354" classname="com.pack.common.tests.SearchResultsPageTest"/>
</testsuite> <!-- com.pack.common.tests.SearchResultsPageTest -->
