<?xml version="1.0" encoding="UTF-8"?>
<!-- Generated by org.testng.reporters.JUnitReportReporter -->
<testsuite skipped="0" hostname="BNGECO-L-89144" name="com.shell.markethub.uam.tests.UserRegistrationTest" tests="1" failures="0" timestamp="20 Aug 2019 03:41:52 GMT" time="79.726" errors="0">
  <testcase name="verify_impersonate_customer_user" time="79.726" classname="com.shell.markethub.uam.tests.UserRegistrationTest"/>
</testsuite> <!-- com.shell.markethub.uam.tests.UserRegistrationTest -->
