<?xml version="1.0" encoding="UTF-8"?>
<!-- Generated by org.testng.reporters.JUnitReportReporter -->
<testsuite skipped="0" hostname="BNGECO-L-89144" name="com.shell.markethub.test.uam.UAM" tests="1" failures="0" timestamp="12 Jul 2019 07:50:54 GMT" time="8.499" errors="0">
  <testcase name="testOne" time="8.499" classname="com.shell.markethub.test.uam.UAM"/>
</testsuite> <!-- com.shell.markethub.test.uam.UAM -->
