<?xml version="1.0" encoding="UTF-8"?>
<!-- Generated by org.testng.reporters.JUnitReportReporter -->
<testsuite skipped="0" hostname="BNGECO-L-89144" name="com.shell.markethub.uam.tests.UAMBaseTest" tests="1" failures="0" timestamp="09 Sep 2019 11:24:05 GMT" time="487.319" errors="0">
  <testcase name="beforeSuite" time="487.319" classname="com.shell.markethub.uam.tests.UAMBaseTest"/>
</testsuite> <!-- com.shell.markethub.uam.tests.UAMBaseTest -->
