<?xml version="1.0" encoding="UTF-8"?>
<!-- Generated by org.testng.reporters.JUnitReportReporter -->
<testsuite skipped="0" hostname="BNGECO-L-89144" name="com.shell.markethub.uam.tests.UAMSetup" tests="1" failures="0" timestamp="18 Jul 2019 05:12:12 GMT" time="26.833" errors="0">
  <testcase name="beforeSuite" time="26.833" classname="com.shell.markethub.uam.tests.UAMSetup"/>
</testsuite> <!-- com.shell.markethub.uam.tests.UAMSetup -->
