<?xml version="1.0" encoding="UTF-8"?>
<!-- Generated by org.testng.reporters.JUnitReportReporter -->
<testsuite skipped="0" hostname="BNGECO-L-89144" name="com.shell.markethub.test.uam.UAMBaseTest" tests="1" failures="0" timestamp="11 Jul 2019 04:53:07 GMT" time="0.146" errors="0">
  <testcase name="testOne" time="0.146" classname="com.shell.markethub.test.uam.UAMBaseTest"/>
</testsuite> <!-- com.shell.markethub.test.uam.UAMBaseTest -->
