<?xml version="1.0" encoding="UTF-8"?>
<!-- Generated by org.testng.reporters.JUnitReportReporter -->
<testsuite skipped="0" hostname="BNGECO-L-89144" name="com.shell.markethub.uam.runner.Runner" tests="1" failures="0" timestamp="22 Jul 2019 04:37:47 GMT" time="35.203" errors="0">
  <testcase name="feature" time="35.203" classname="com.shell.markethub.uam.runner.Runner"/>
</testsuite> <!-- com.shell.markethub.uam.runner.Runner -->
