<?xml version="1.0" encoding="UTF-8"?>
<!-- Generated by org.testng.reporters.JUnitReportReporter -->
<testsuite skipped="0" hostname="BNGECO-L-89144" name="com.shell.markethub.uam.tests.ManageCustomerUserTest" tests="5" failures="0" timestamp="13 Sep 2019 05:00:59 GMT" time="367.474" errors="0">
  <testcase name="verify_impersonate_customer_user" time="89.132" classname="com.shell.markethub.uam.tests.ManageCustomerUserTest"/>
  <testcase name="verify_deactivate_customer_user" time="90.518" classname="com.shell.markethub.uam.tests.ManageCustomerUserTest"/>
  <testcase name="verify_update_customer_user" time="68.130" classname="com.shell.markethub.uam.tests.ManageCustomerUserTest"/>
  <testcase name="verify_search_customer_user" time="63.031" classname="com.shell.markethub.uam.tests.ManageCustomerUserTest"/>
  <testcase name="verify_activate_customer_user" time="56.663" classname="com.shell.markethub.uam.tests.ManageCustomerUserTest"/>
</testsuite> <!-- com.shell.markethub.uam.tests.ManageCustomerUserTest -->
