<?xml version="1.0" encoding="UTF-8"?>
<!-- Generated by org.testng.reporters.JUnitReportReporter -->
<testsuite skipped="0" hostname="BNGECO-L-89144" name="com.shell.markethub.uam.tests.Runner" tests="1" failures="0" timestamp="17 Jul 2019 11:16:28 GMT" time="26.976" errors="0">
  <testcase name="feature" time="26.976" classname="com.shell.markethub.uam.tests.Runner"/>
</testsuite> <!-- com.shell.markethub.uam.tests.Runner -->
