<?xml version="1.0" encoding="UTF-8"?>
<!-- Generated by org.testng.reporters.JUnitReportReporter -->
<testsuite hostname="c1ml16461" name="com.pack.common.tests.RegisterPageTest" tests="2" failures="0" timestamp="12 Dec 2018 06:53:49 GMT" time="40.476" errors="0">
  <testcase name="verifyRegister" time="18.793" classname="com.pack.common.tests.RegisterPageTest"/>
  <testcase name="verifyRegister" time="21.683" classname="com.pack.common.tests.RegisterPageTest"/>
</testsuite> <!-- com.pack.common.tests.RegisterPageTest -->
