<?xml version="1.0" encoding="UTF-8"?>
<!-- Generated by org.testng.reporters.JUnitReportReporter -->
<testsuite hostname="BNGECO-L-89144" name="com.pack.common.tests.RegisterPageTest" tests="1" failures="0" timestamp="5 Jul 2019 09:58:31 GMT" time="25.564" errors="0">
  <testcase name="verifyRegister" time="25.564" classname="com.pack.common.tests.RegisterPageTest"/>
</testsuite> <!-- com.pack.common.tests.RegisterPageTest -->
