<?xml version="1.0" encoding="UTF-8"?>
<!-- Generated by org.testng.reporters.JUnitReportReporter -->
<testsuite hostname="BNGECO-L-89144" name="com.pack.common.tests.FlightConfirmationPageTest" tests="1" failures="0" timestamp="5 Jul 2019 05:28:43 GMT" time="32.676" errors="0">
  <testcase name="verifyFlightBooking" time="32.676" classname="com.pack.common.tests.FlightConfirmationPageTest"/>
</testsuite> <!-- com.pack.common.tests.FlightConfirmationPageTest -->
