<?xml version="1.0" encoding="UTF-8"?>
<!-- Generated by org.testng.reporters.JUnitReportReporter -->
<testsuite hostname="c1ml16461" name="com.pack.common.tests.HomePageTest" tests="2" failures="0" timestamp="22 Oct 2018 10:36:05 GMT" time="23.956" errors="0">
  <testcase name="verifySalonTravel" time="14.100" classname="com.pack.common.tests.HomePageTest"/>
  <testcase name="verifySalonTravel" time="9.856" classname="com.pack.common.tests.HomePageTest"/>
</testsuite> <!-- com.pack.common.tests.HomePageTest -->
