<?xml version="1.0" encoding="UTF-8"?>
<!-- Generated by org.testng.reporters.JUnitReportReporter -->
<testsuite hostname="c1ml16461" name="com.pack.common.tests.FlightConfirmationPageTest" tests="2" failures="0" timestamp="22 Oct 2018 10:30:01 GMT" time="54.725" errors="0">
  <testcase name="verifyFlightBooking" time="23.519" classname="com.pack.common.tests.FlightConfirmationPageTest"/>
  <testcase name="verifyFlightBooking" time="31.206" classname="com.pack.common.tests.FlightConfirmationPageTest"/>
</testsuite> <!-- com.pack.common.tests.FlightConfirmationPageTest -->
