<?xml version="1.0" encoding="UTF-8"?>
<!-- Generated by org.testng.reporters.JUnitReportReporter -->
<testsuite hostname="BNGECO-L-89144" name="com.pack.common.tests.HomePageTest" tests="1" failures="0" timestamp="27 Jun 2019 14:47:32 GMT" time="37.989" errors="0">
  <testcase name="verifySalonTravel" time="37.989" classname="com.pack.common.tests.HomePageTest"/>
</testsuite> <!-- com.pack.common.tests.HomePageTest -->
