<?xml version="1.0" encoding="UTF-8"?>
<!-- Generated by org.testng.reporters.JUnitReportReporter -->
<testsuite hostname="c1ml16461" name="com.pack.common.tests.RegisterPageTest" tests="2" failures="0" timestamp="22 Oct 2018 10:30:01 GMT" time="77.122" errors="0">
  <testcase name="verifyRegister" time="29.065" classname="com.pack.common.tests.RegisterPageTest"/>
  <testcase name="verifyRegister" time="48.057" classname="com.pack.common.tests.RegisterPageTest"/>
</testsuite> <!-- com.pack.common.tests.RegisterPageTest -->
