<?xml version="1.0" encoding="UTF-8"?>
<!-- Generated by org.testng.reporters.JUnitReportReporter -->
<testsuite hostname="c1ml16461" name="com.pack.common.tests.HomePageTest" tests="2" failures="0" timestamp="12 Dec 2018 06:53:49 GMT" time="27.277" errors="0">
  <testcase name="verifySalonTravel" time="18.583" classname="com.pack.common.tests.HomePageTest"/>
  <testcase name="verifySalonTravel" time="8.694" classname="com.pack.common.tests.HomePageTest"/>
</testsuite> <!-- com.pack.common.tests.HomePageTest -->
