<?xml version="1.0" encoding="UTF-8"?>
<!-- Generated by org.testng.reporters.JUnitReportReporter -->
<testsuite hostname="BNGECO-L-89144" name="cutebabycontest.testng" tests="1" failures="0" timestamp="6 Jul 2019 04:35:20 GMT" time="30.540" errors="0">
  <testcase name="testOne" time="30.540" classname="cutebabycontest.testng"/>
</testsuite> <!-- cutebabycontest.testng -->
