<?xml version="1.0" encoding="UTF-8"?>
<!-- Generated by org.testng.reporters.JUnitReportReporter -->
<testsuite skipped="0" hostname="Selimind73" name="runner.MainRunner" tests="3" failures="0" timestamp="09 Jan 2019 16:04:53 GMT" time="460.816" errors="0">
  <testcase name="feature" time="287.892" classname="runner.MainRunner"/>
  <testcase name="feature" time="109.583" classname="runner.MainRunner"/>
  <testcase name="feature" time="63.341" classname="runner.MainRunner"/>
</testsuite> <!-- runner.MainRunner -->
