<?xml version="1.0" encoding="UTF-8"?>
<!-- Generated by org.testng.reporters.JUnitReportReporter -->
<testsuite skipped="0" hostname="Selimind73" name="runner.MainRunner" tests="1" failures="0" timestamp="05 Jan 2019 17:08:42 GMT" time="16.197" errors="0">
  <testcase name="feature" time="16.197" classname="runner.MainRunner"/>
</testsuite> <!-- runner.MainRunner -->
