<?xml version="1.0" encoding="UTF-8"?>
<!-- Generated by org.testng.reporters.JUnitReportReporter -->
<testsuite skipped="0" hostname="Selimind73" name="runner.MainRunner" tests="1" failures="0" timestamp="08 Jan 2019 07:31:24 GMT" time="56.460" errors="0">
  <testcase name="feature" time="56.460" classname="runner.MainRunner"/>
</testsuite> <!-- runner.MainRunner -->
