<?xml version="1.0" encoding="UTF-8"?>
<!-- Generated by org.testng.reporters.JUnitReportReporter -->
<testsuite skipped="0" hostname="Selimind73" name="runner.MainRunner" tests="2" failures="0" timestamp="08 Jan 2019 14:34:24 GMT" time="188.061" errors="0">
  <testcase name="feature" time="70.144" classname="runner.MainRunner"/>
  <testcase name="feature" time="117.917" classname="runner.MainRunner"/>
</testsuite> <!-- runner.MainRunner -->
