<?xml version="1.0" encoding="UTF-8"?>
<!-- Generated by org.testng.reporters.JUnitReportReporter -->
<testsuite skipped="0" hostname="BNGECO-L-89144" name="com.shell.markethub.ecommerce.tests.PlaceOrderTest" tests="4" failures="0" timestamp="06 Sep 2019 10:34:15 GMT" time="642.187" errors="0">
  <testcase name="verify_aom_clone_this_order" time="172.153" classname="com.shell.markethub.ecommerce.tests.PlaceOrderTest"/>
  <testcase name="verify_aom_place_order" time="122.761" classname="com.shell.markethub.ecommerce.tests.PlaceOrderTest"/>
  <testcase name="verify_aom_frequently_ordered" time="143.050" classname="com.shell.markethub.ecommerce.tests.PlaceOrderTest"/>
  <testcase name="verify_old_om_place_order" time="204.223" classname="com.shell.markethub.ecommerce.tests.PlaceOrderTest"/>
</testsuite> <!-- com.shell.markethub.ecommerce.tests.PlaceOrderTest -->
