<?xml version="1.0" encoding="UTF-8"?>
<!-- Generated by org.testng.reporters.JUnitReportReporter -->
<testsuite skipped="0" hostname="BNGECO-L-89144" name="com.shell.markethub.ecommerce.tests.EditOrderTest" tests="1" failures="0" timestamp="13 Sep 2019 05:51:22 GMT" time="293.455" errors="0">
  <testcase name="verify_aom_edit_order" time="293.455" classname="com.shell.markethub.ecommerce.tests.EditOrderTest"/>
</testsuite> <!-- com.shell.markethub.ecommerce.tests.EditOrderTest -->
