<?xml version="1.0" encoding="UTF-8"?>
<!-- Generated by org.testng.reporters.JUnitReportReporter -->
<testsuite skipped="0" hostname="BNGECO-L-89144" name="com.shell.markethub.ecommerce.tests.eCommerceBaseTest" tests="1" failures="0" timestamp="10 Sep 2019 09:11:36 GMT" time="304.186" errors="0">
  <testcase name="beforeSuite" time="304.186" classname="com.shell.markethub.ecommerce.tests.eCommerceBaseTest"/>
</testsuite> <!-- com.shell.markethub.ecommerce.tests.eCommerceBaseTest -->
