<?xml version="1.0" encoding="UTF-8"?>
<!-- Generated by org.testng.reporters.JUnitReportReporter -->
<testsuite skipped="0" hostname="BNGECO-L-89144" name="com.shell.markethub.ecommerce.tests.ViewOrderTest" tests="2" failures="0" timestamp="06 Sep 2019 10:34:15 GMT" time="184.769" errors="0">
  <testcase name="verify_old_om_view_order" time="68.416" classname="com.shell.markethub.ecommerce.tests.ViewOrderTest"/>
  <testcase name="verify_aom_view_order" time="116.353" classname="com.shell.markethub.ecommerce.tests.ViewOrderTest"/>
</testsuite> <!-- com.shell.markethub.ecommerce.tests.ViewOrderTest -->
