<?xml version="1.0" encoding="UTF-8"?>
<!-- Generated by org.testng.reporters.JUnitReportReporter -->
<testsuite skipped="0" hostname="BNGECO-L-89144" name="com.shell.markethub.usfuels.tests.BOLsTest" tests="1" failures="0" timestamp="12 Sep 2019 04:54:09 GMT" time="49.743" errors="0">
  <testcase name="verify_bols" time="49.743" classname="com.shell.markethub.usfuels.tests.BOLsTest"/>
</testsuite> <!-- com.shell.markethub.usfuels.tests.BOLsTest -->
