<?xml version="1.0" encoding="UTF-8"?>
<!-- Generated by org.testng.reporters.JUnitReportReporter -->
<testsuite skipped="0" hostname="BNGECO-L-89144" name="com.shell.markethub.usfuels.tests.VolumesEntryTest" tests="1" failures="1" timestamp="12 Sep 2019 08:18:42 GMT" time="59.297" errors="0">
  <testcase name="verify_volumesentry" time="59.297" classname="com.shell.markethub.usfuels.tests.VolumesEntryTest">
    <failure type="java.lang.AssertionError" message="The following assertions failed:
	FAILED - Verify Download Button expected [true] but found [false]">
      <![CDATA[java.lang.AssertionError: The following assertions failed:
FAILED - Verify Download Button expected [true] but found [false]
at com.shell.markethub.base.util.Assertions.assertAll(Assertions.java:64)
at com.shell.markethub.base.util.BaseTest.assertAll(BaseTest.java:182)
at com.shell.markethub.usfuels.tests.VolumesEntryTest.verify_volumesentry(VolumesEntryTest.java:50)
at sun.reflect.NativeMethodAccessorImpl.invoke0(Native Method)
at sun.reflect.NativeMethodAccessorImpl.invoke(Unknown Source)
at sun.reflect.DelegatingMethodAccessorImpl.invoke(Unknown Source)
at java.lang.reflect.Method.invoke(Unknown Source)
at org.testng.internal.MethodInvocationHelper.invokeMethod(MethodInvocationHelper.java:124)
at org.testng.internal.Invoker.invokeMethod(Invoker.java:580)
at org.testng.internal.Invoker.invokeTestMethod(Invoker.java:716)
at org.testng.internal.Invoker.invokeTestMethods(Invoker.java:988)
at org.testng.internal.TestMethodWorker.invokeTestMethods(TestMethodWorker.java:125)
at org.testng.internal.TestMethodWorker.run(TestMethodWorker.java:109)
at org.testng.TestRunner.privateRun(TestRunner.java:648)
at org.testng.TestRunner.run(TestRunner.java:505)
at org.testng.SuiteRunner.runTest(SuiteRunner.java:455)
at org.testng.SuiteRunner.access$000(SuiteRunner.java:40)
at org.testng.SuiteRunner$SuiteWorker.run(SuiteRunner.java:489)
at org.testng.internal.thread.ThreadUtil$1.call(ThreadUtil.java:52)
at java.util.concurrent.FutureTask.run(Unknown Source)
at java.util.concurrent.ThreadPoolExecutor.runWorker(Unknown Source)
at java.util.concurrent.ThreadPoolExecutor$Worker.run(Unknown Source)
at java.lang.Thread.run(Unknown Source)
]]>
    </failure>
  </testcase> <!-- verify_volumesentry -->
</testsuite> <!-- com.shell.markethub.usfuels.tests.VolumesEntryTest -->
