<?xml version="1.0" encoding="UTF-8"?>
<!-- Generated by org.testng.reporters.JUnitReportReporter -->
<testsuite skipped="0" hostname="BNGECO-L-89144" name="com.shell.markethub.usfuels.tests.CarrierDriverLastLiftTest" tests="1" failures="0" timestamp="12 Sep 2019 04:54:09 GMT" time="42.948" errors="0">
  <testcase name="verify_carrierdriverlastlift" time="42.948" classname="com.shell.markethub.usfuels.tests.CarrierDriverLastLiftTest"/>
</testsuite> <!-- com.shell.markethub.usfuels.tests.CarrierDriverLastLiftTest -->
