<?xml version="1.0" encoding="UTF-8"?>
<!-- Generated by org.testng.reporters.JUnitReportReporter -->
<testsuite skipped="0" hostname="BNGECO-L-89144" name="com.shell.markethub.usfuels.tests.CarrierMaintenanceTest" tests="1" failures="0" timestamp="12 Sep 2019 10:16:02 GMT" time="56.256" errors="0">
  <testcase name="verify_carriermaintenance" time="56.256" classname="com.shell.markethub.usfuels.tests.CarrierMaintenanceTest"/>
</testsuite> <!-- com.shell.markethub.usfuels.tests.CarrierMaintenanceTest -->
