<?xml version="1.0" encoding="UTF-8"?>
<!-- Generated by org.testng.reporters.JUnitReportReporter -->
<testsuite skipped="0" hostname="BNGECO-L-89144" name="com.shell.markethub.usfuels.tests.InvoicedVolumesTest" tests="1" failures="0" timestamp="12 Sep 2019 06:44:12 GMT" time="54.729" errors="0">
  <testcase name="verify_invoicedvolumes" time="54.729" classname="com.shell.markethub.usfuels.tests.InvoicedVolumesTest"/>
</testsuite> <!-- com.shell.markethub.usfuels.tests.InvoicedVolumesTest -->
