<?xml version="1.0" encoding="UTF-8"?>
<!-- Generated by org.testng.reporters.JUnitReportReporter -->
<testsuite skipped="0" hostname="BNGECO-L-89144" name="com.shell.markethub.usfuels.tests.SupplyWorkspaceTest" tests="1" failures="0" timestamp="12 Sep 2019 06:44:12 GMT" time="112.089" errors="0">
  <testcase name="verify_supplyworkspace" time="112.089" classname="com.shell.markethub.usfuels.tests.SupplyWorkspaceTest"/>
</testsuite> <!-- com.shell.markethub.usfuels.tests.SupplyWorkspaceTest -->
