<?xml version="1.0" encoding="UTF-8"?>
<!-- Generated by org.testng.reporters.JUnitReportReporter -->
<testsuite skipped="0" hostname="BNGECO-L-89144" name="com.shell.markethub.usfuels.tests.ContractRecaptureTest" tests="1" failures="0" timestamp="13 Sep 2019 07:00:22 GMT" time="60.136" errors="0">
  <testcase name="verify_contractrecapture" time="60.136" classname="com.shell.markethub.usfuels.tests.ContractRecaptureTest"/>
</testsuite> <!-- com.shell.markethub.usfuels.tests.ContractRecaptureTest -->
