<?xml version="1.0" encoding="UTF-8"?>
<!-- Generated by org.testng.reporters.JUnitReportReporter -->
<testsuite skipped="0" hostname="BNGECO-L-89144" name="com.shell.markethub.usfuels.tests.ContractPricesTest" tests="1" failures="0" timestamp="12 Sep 2019 04:54:09 GMT" time="47.233" errors="0">
  <testcase name="verify_contractprices" time="47.233" classname="com.shell.markethub.usfuels.tests.ContractPricesTest"/>
</testsuite> <!-- com.shell.markethub.usfuels.tests.ContractPricesTest -->
