<?xml version="1.0" encoding="UTF-8"?>
<!-- Generated by org.testng.reporters.JUnitReportReporter -->
<testsuite skipped="0" hostname="BNGECO-L-89144" name="com.shell.markethub.usfuels.tests.AllocationsTest" tests="1" failures="0" timestamp="12 Sep 2019 06:44:12 GMT" time="61.376" errors="0">
  <testcase name="verify_allocations" time="61.376" classname="com.shell.markethub.usfuels.tests.AllocationsTest"/>
</testsuite> <!-- com.shell.markethub.usfuels.tests.AllocationsTest -->
