<?xml version="1.0" encoding="UTF-8"?>
<!-- Generated by org.testng.reporters.JUnitReportReporter -->
<testsuite skipped="0" hostname="BNGECO-L-89144" name="com.shell.markethub.usfuels.tests.SiteListTest" tests="1" failures="0" timestamp="12 Sep 2019 07:34:13 GMT" time="58.097" errors="0">
  <testcase name="verify_sitelist" time="58.097" classname="com.shell.markethub.usfuels.tests.SiteListTest"/>
</testsuite> <!-- com.shell.markethub.usfuels.tests.SiteListTest -->
