<?xml version="1.0" encoding="UTF-8"?>
<!-- Generated by org.testng.reporters.JUnitReportReporter -->
<testsuite skipped="0" hostname="BNGECO-L-89144" name="com.shell.markethub.usfuels.tests.USFuelsBaseTest" tests="1" failures="0" timestamp="12 Sep 2019 11:36:14 GMT" time="52.666" errors="0">
  <testcase name="beforeSuite" time="52.666" classname="com.shell.markethub.usfuels.tests.USFuelsBaseTest"/>
</testsuite> <!-- com.shell.markethub.usfuels.tests.USFuelsBaseTest -->
