<?xml version="1.0" encoding="UTF-8"?>
<!-- Generated by org.testng.reporters.JUnitReportReporter -->
<testsuite skipped="0" hostname="BNGECO-L-89144" name="com.shell.markethub.usfuels.tests.USFuels" tests="1" failures="0" timestamp="22 Jul 2019 08:07:50 GMT" time="36.900" errors="0">
  <testcase name="testOne" time="36.900" classname="com.shell.markethub.usfuels.tests.USFuels"/>
</testsuite> <!-- com.shell.markethub.usfuels.tests.USFuels -->
